[backblue.gif]
[fade.gif]
[index.html]
[creazione.avanzare.co/reframe/demo/assets/images/favicon.png]
[creazione.avanzare.co/reframe/demo/assets/images/work/item-1/preview.jpg]
[creazione.avanzare.co/reframe/demo/assets/images/work/item-1/1.jpg]
[creazione.avanzare.co/reframe/demo/assets/images/work/item-1/2.jpg]
[creazione.avanzare.co/reframe/demo/assets/images/work/item-1/3.jpg]
[creazione.avanzare.co/reframe/demo/assets/images/work/item-2/preview.jpg]
[creazione.avanzare.co/reframe/demo/assets/images/work/item-2/1.jpg]
[creazione.avanzare.co/reframe/demo/assets/images/work/item-3/preview.jpg]
[creazione.avanzare.co/reframe/demo/assets/images/work/item-3/1.jpg]
[creazione.avanzare.co/reframe/demo/assets/images/work/item-3/2.jpg]
[creazione.avanzare.co/reframe/demo/assets/images/work/item-3/3.jpg]
[creazione.avanzare.co/reframe/demo/assets/images/work/item-4/preview.jpg]
[creazione.avanzare.co/reframe/demo/assets/images/work/item-4/1.jpg]
[creazione.avanzare.co/reframe/demo/assets/images/work/item-4/2.jpg]
[creazione.avanzare.co/reframe/demo/assets/images/clients/1.png]
[creazione.avanzare.co/reframe/demo/assets/images/clients/2.png]
[creazione.avanzare.co/reframe/demo/assets/images/clients/3.png]
[creazione.avanzare.co/reframe/demo/assets/images/clients/4.png]
[creazione.avanzare.co/reframe/demo/assets/images/clients/5.png]
[creazione.avanzare.co/reframe/demo/assets/images/clients/6.png]
[creazione.avanzare.co/reframe/demo/assets/images/clients/7.png]
[creazione.avanzare.co/reframe/demo/assets/images/clients/8.png]
[creazione.avanzare.co/reframe/demo/assets/images/clients/9.png]
[creazione.avanzare.co/reframe/demo/assets/js/app.js]
[creazione.avanzare.co/reframe/demo/index.html]
[creazione.avanzare.co/reframe/demo/assets/fonts/themify.eot]
[creazione.avanzare.co/reframe/demo/assets/fonts/themifyd41d.eot]
[creazione.avanzare.co/reframe/demo/assets/fonts/et-line.eot]
[creazione.avanzare.co/reframe/demo/assets/fonts/et-lined41d.eot]
[creazione.avanzare.co/reframe/demo/assets/css/app.css]
[creazione.avanzare.co/reframe/demo/assets/images/carousel/1.jpg]
[creazione.avanzare.co/reframe/demo/assets/images/carousel/2.jpg]
[creazione.avanzare.co/reframe/demo/assets/images/carousel/3.jpg]
[creazione.avanzare.co/reframe/demo/assets/videos/1.mp4]
[creazione.avanzare.co/reframe/demo/assets/audio/1.mp3]
[creazione.avanzare.co/reframe/demo/shortcodes.html]
[creazione.avanzare.co/reframe/demo/assets/fonts/themify.html]
[creazione.avanzare.co/reframe/demo/assets/fonts/themify-2.html]
[creazione.avanzare.co/reframe/demo/assets/fonts/themify9f24.svg]
[creazione.avanzare.co/reframe/demo/assets/fonts/et-line.html]
[creazione.avanzare.co/reframe/demo/assets/fonts/et-line-2.html]
[creazione.avanzare.co/reframe/demo/assets/fonts/et-line.svg]
